{
  "stats": {
    "suites": 5,
    "tests": 26,
    "passes": 26,
    "pending": 0,
    "failures": 0,
    "start": "2021-11-24T17:17:26.859Z",
    "end": "2021-11-24T17:22:41.431Z",
    "duration": 289297,
    "testsRegistered": 26,
    "passPercent": 100,
    "pendingPercent": 0,
    "other": 0,
    "hasOther": false,
    "skipped": 0,
    "hasSkipped": false
  },
  "results": [
    {
      "uuid": "2e0b6f84-3459-4158-80b2-1b7e84117ba1",
      "title": "",
      "fullFile": "cypress/integration/addToCart.spec.js",
      "file": "cypress/integration/addToCart.spec.js",
      "beforeHooks": [],
      "afterHooks": [],
      "tests": [],
      "suites": [
        {
          "uuid": "b3cc2c12-8900-4788-9f3a-06cdc3ff33dc",
          "title": "Testes positivos na rota adicionar produtos ao carrinho",
          "fullFile": "",
          "file": "",
          "beforeHooks": [],
          "afterHooks": [],
          "tests": [
            {
              "title": "Deve validar a url para estar na página home",
              "fullTitle": "Testes positivos na rota adicionar produtos ao carrinho Deve validar a url para estar na página home",
              "timedOut": null,
              "duration": 10642,
              "state": "passed",
              "speed": "slow",
              "pass": true,
              "fail": false,
              "pending": false,
              "context": null,
              "code": "_addToCart.default.clicarBtnLoja();\n_addToCart.default.validarUrl();",
              "err": {},
              "uuid": "d6d7fb5e-882f-4e3d-81c5-cf00d3328854",
              "parentUUID": "b3cc2c12-8900-4788-9f3a-06cdc3ff33dc",
              "isHook": false,
              "skipped": false
            },
            {
              "title": "Deve adicionar produtos ao carrinho no modal e validar a quantidade e a descrição do produto",
              "fullTitle": "Testes positivos na rota adicionar produtos ao carrinho Deve adicionar produtos ao carrinho no modal e validar a quantidade e a descrição do produto",
              "timedOut": null,
              "duration": 21372,
              "state": "passed",
              "speed": "slow",
              "pass": true,
              "fail": false,
              "pending": false,
              "context": null,
              "code": "_addToCart.default.clicarBtnLoja();\n_addToCart.default.clicarAdcProduto();\n_addToCart.default.validandoQtd();\n_addToCart.default.clicarBtnCarrinho();\n_addToCart.default.validandoSeOsComponentesEstaoVisiveis();",
              "err": {},
              "uuid": "e0a7372e-1f87-41ac-a78c-5802362bde1b",
              "parentUUID": "b3cc2c12-8900-4788-9f3a-06cdc3ff33dc",
              "isHook": false,
              "skipped": false
            },
            {
              "title": "Deve adicionar produtos ao carrinho pela página e validar",
              "fullTitle": "Testes positivos na rota adicionar produtos ao carrinho Deve adicionar produtos ao carrinho pela página e validar",
              "timedOut": null,
              "duration": 22471,
              "state": "passed",
              "speed": "slow",
              "pass": true,
              "fail": false,
              "pending": false,
              "context": null,
              "code": "_addToCart.default.clicarBtnLoja();\n_addToCart.default.clicarAdcProduto2();\n_addToCart.default.clicarBtnCarrinho();\n_addToCart.default.finalizarPedido();\n_addToCart.default.validarItemNoCarrinho();",
              "err": {},
              "uuid": "cc787e8c-3495-415e-9057-98bed99678f7",
              "parentUUID": "b3cc2c12-8900-4788-9f3a-06cdc3ff33dc",
              "isHook": false,
              "skipped": false
            }
          ],
          "suites": [],
          "passes": [
            "d6d7fb5e-882f-4e3d-81c5-cf00d3328854",
            "e0a7372e-1f87-41ac-a78c-5802362bde1b",
            "cc787e8c-3495-415e-9057-98bed99678f7"
          ],
          "failures": [],
          "pending": [],
          "skipped": [],
          "duration": 54485,
          "root": false,
          "rootEmpty": false,
          "_timeout": 2000
        },
        {
          "uuid": "65542f21-fa7b-40a8-8c75-f16b4f447cdc",
          "title": "Testes negativos na rota adicionar produtos ao carrinho",
          "fullFile": "",
          "file": "",
          "beforeHooks": [],
          "afterHooks": [],
          "tests": [
            {
              "title": "Deve adicionar produtos ao carrinho e logo após remover pelo modal validando se a quantidade e valor no carrinho estão nulos",
              "fullTitle": "Testes negativos na rota adicionar produtos ao carrinho Deve adicionar produtos ao carrinho e logo após remover pelo modal validando se a quantidade e valor no carrinho estão nulos",
              "timedOut": null,
              "duration": 35566,
              "state": "passed",
              "speed": "slow",
              "pass": true,
              "fail": false,
              "pending": false,
              "context": null,
              "code": "_addToCart.default.clicarBtnLoja();\n_addToCart.default.clicarAdcProdutoTesteNeg();\n_addToCart.default.clicarBtnCarrinho();\n_addToCart.default.clicarBtnLimparCarrinho();\n_addToCart.default.clicarBtnFecharCarrinho();\n_addToCart.default.validarQuantidadeEPreco();",
              "err": {},
              "uuid": "cdaabb46-cb35-4480-9845-5b28bf7c5dc8",
              "parentUUID": "65542f21-fa7b-40a8-8c75-f16b4f447cdc",
              "isHook": false,
              "skipped": false
            },
            {
              "title": "Deve adicionar produtos ao carrinho e logo após remover pela página validando a mensagem de carrinho vazio e url",
              "fullTitle": "Testes negativos na rota adicionar produtos ao carrinho Deve adicionar produtos ao carrinho e logo após remover pela página validando a mensagem de carrinho vazio e url",
              "timedOut": null,
              "duration": 21684,
              "state": "passed",
              "speed": "slow",
              "pass": true,
              "fail": false,
              "pending": false,
              "context": null,
              "code": "_addToCart.default.clicarBtnLoja();\n_addToCart.default.clicarAdcProduto();\n_addToCart.default.clicarBtnCarrinho();\n_addToCart.default.finalizarPedido();\n_addToCart.default.removerProdutoCarrinho();\n_addToCart.default.validarMegCarrinhoVazio();\n_addToCart.default.validarUrlCarrinhoVazio();",
              "err": {},
              "uuid": "111c5abb-4cea-4f85-8a10-1ea37a6e69ff",
              "parentUUID": "65542f21-fa7b-40a8-8c75-f16b4f447cdc",
              "isHook": false,
              "skipped": false
            }
          ],
          "suites": [],
          "passes": [
            "cdaabb46-cb35-4480-9845-5b28bf7c5dc8",
            "111c5abb-4cea-4f85-8a10-1ea37a6e69ff"
          ],
          "failures": [],
          "pending": [],
          "skipped": [],
          "duration": 57250,
          "root": false,
          "rootEmpty": false,
          "_timeout": 2000
        }
      ],
      "passes": [],
      "failures": [],
      "pending": [],
      "skipped": [],
      "duration": 0,
      "root": true,
      "rootEmpty": true,
      "_timeout": 2000
    },
    {
      "uuid": "96e75f67-3c1f-46c3-a2d5-4aa1e42c52b8",
      "title": "",
      "fullFile": "cypress/integration/checkout.spec.js",
      "file": "cypress/integration/checkout.spec.js",
      "beforeHooks": [],
      "afterHooks": [],
      "tests": [],
      "suites": [
        {
          "uuid": "21558918-7a0b-45bd-86d1-8ed2f5e2e625",
          "title": "Testes positivos na rota checkout",
          "fullFile": "",
          "file": "",
          "beforeHooks": [],
          "afterHooks": [],
          "tests": [
            {
              "title": "Deve finalizar uma compra e validar a url",
              "fullTitle": "Testes positivos na rota checkout Deve finalizar uma compra e validar a url",
              "timedOut": null,
              "duration": 24093,
              "state": "passed",
              "speed": "slow",
              "pass": true,
              "fail": false,
              "pending": false,
              "context": null,
              "code": "_addToCart.default.clicarBtnLoja();\n_addToCart.default.clicarAdcProduto3();\n_addToCart.default.clicarBtnCarrinho();\n_addToCart.default.finalizarPedido();\n_checkout.default.clicarBtnContinuar();\n_checkout.default.validarUrl();",
              "err": {},
              "uuid": "0f3a777e-5117-473a-9a9f-a8bc05ee7757",
              "parentUUID": "21558918-7a0b-45bd-86d1-8ed2f5e2e625",
              "isHook": false,
              "skipped": false
            },
            {
              "title": "Deve preencher checkout e validar os dados pessoais",
              "fullTitle": "Testes positivos na rota checkout Deve preencher checkout e validar os dados pessoais",
              "timedOut": null,
              "duration": 30576,
              "state": "passed",
              "speed": "slow",
              "pass": true,
              "fail": false,
              "pending": false,
              "context": null,
              "code": "_addToCart.default.clicarBtnLoja();\n_addToCart.default.clicarAdcProduto3();\n_addToCart.default.clicarBtnCarrinho();\n_addToCart.default.finalizarPedido();\n_checkout.default.clicarBtnContinuar();\n_checkout.default.preencherCheckout();\n_checkout.default.preencherSenha();\n_checkout.default.clicBtnCont();\n_checkout.default.validarDadosPessoais();",
              "err": {},
              "uuid": "562c864a-2e37-4e99-a5c4-7ed771bbaad6",
              "parentUUID": "21558918-7a0b-45bd-86d1-8ed2f5e2e625",
              "isHook": false,
              "skipped": false
            }
          ],
          "suites": [],
          "passes": [
            "0f3a777e-5117-473a-9a9f-a8bc05ee7757",
            "562c864a-2e37-4e99-a5c4-7ed771bbaad6"
          ],
          "failures": [],
          "pending": [],
          "skipped": [],
          "duration": 54669,
          "root": false,
          "rootEmpty": false,
          "_timeout": 2000
        },
        {
          "uuid": "7256f223-31b1-4663-8a2d-ae7fac99e94c",
          "title": "Testes negativos na rota na rota checkout",
          "fullFile": "",
          "file": "",
          "beforeHooks": [],
          "afterHooks": [],
          "tests": [
            {
              "title": "Deve preencher checkout com email inválido e verificar mensagem de erro",
              "fullTitle": "Testes negativos na rota na rota checkout Deve preencher checkout com email inválido e verificar mensagem de erro",
              "timedOut": null,
              "duration": 22271,
              "state": "passed",
              "speed": "slow",
              "pass": true,
              "fail": false,
              "pending": false,
              "context": null,
              "code": "_addToCart.default.clicarBtnLoja();\n_addToCart.default.clicarAdcProduto3();\n_addToCart.default.clicarBtnCarrinho();\n_addToCart.default.finalizarPedido();\n_checkout.default.clicarBtnContinuar();\n_checkout.default.preencherEmailInvalido();\n_checkout.default.validarMsgDeError();",
              "err": {},
              "uuid": "85e80167-4dfb-497d-bd95-2e528995774c",
              "parentUUID": "7256f223-31b1-4663-8a2d-ae7fac99e94c",
              "isHook": false,
              "skipped": false
            }
          ],
          "suites": [],
          "passes": [
            "85e80167-4dfb-497d-bd95-2e528995774c"
          ],
          "failures": [],
          "pending": [],
          "skipped": [],
          "duration": 22271,
          "root": false,
          "rootEmpty": false,
          "_timeout": 2000
        }
      ],
      "passes": [],
      "failures": [],
      "pending": [],
      "skipped": [],
      "duration": 0,
      "root": true,
      "rootEmpty": true,
      "_timeout": 2000
    },
    {
      "uuid": "894b8908-44da-4b61-bbc8-5bfd0ce40491",
      "title": "",
      "fullFile": "cypress/integration/editAddress.spec.js",
      "file": "cypress/integration/editAddress.spec.js",
      "beforeHooks": [],
      "afterHooks": [],
      "tests": [],
      "suites": [
        {
          "uuid": "a1e6977c-a5da-4ec9-8022-34eef37b38cb",
          "title": "Testes positivos na rota cadastro de endereço",
          "fullFile": "",
          "file": "",
          "beforeHooks": [],
          "afterHooks": [],
          "tests": [
            {
              "title": "Deve acessar a rota de cadastro de endereço e validar a URL",
              "fullTitle": "Testes positivos na rota cadastro de endereço Deve acessar a rota de cadastro de endereço e validar a URL",
              "timedOut": null,
              "duration": 7637,
              "state": "passed",
              "speed": "medium",
              "pass": true,
              "fail": false,
              "pending": false,
              "context": null,
              "code": "_editAddress.default.clicaBtnMeuEndereco();\n_editAddress.default.validarUrl();",
              "err": {},
              "uuid": "009f26e0-783b-4db7-8270-a2474e1971b8",
              "parentUUID": "a1e6977c-a5da-4ec9-8022-34eef37b38cb",
              "isHook": false,
              "skipped": false
            },
            {
              "title": "Deve validar componentes na rota de meus endereços",
              "fullTitle": "Testes positivos na rota cadastro de endereço Deve validar componentes na rota de meus endereços",
              "timedOut": null,
              "duration": 6313,
              "state": "passed",
              "speed": "medium",
              "pass": true,
              "fail": false,
              "pending": false,
              "context": null,
              "code": "_editAddress.default.clicaBtnMeuEndereco();\n_editAddress.default.validarTextos();",
              "err": {},
              "uuid": "3e1fcf58-5450-4c2e-b717-e748ae0ad7a2",
              "parentUUID": "a1e6977c-a5da-4ec9-8022-34eef37b38cb",
              "isHook": false,
              "skipped": false
            },
            {
              "title": "Deve preencher o formulário para endereço de entrega e validar o cadastro",
              "fullTitle": "Testes positivos na rota cadastro de endereço Deve preencher o formulário para endereço de entrega e validar o cadastro",
              "timedOut": null,
              "duration": 9933,
              "state": "passed",
              "speed": "medium",
              "pass": true,
              "fail": false,
              "pending": false,
              "context": null,
              "code": "_editAddress.default.clicaBtnMeuEndereco();\n_editAddress.default.clicarBtnEditarEnd();\n_editAddress.default.cadastrarEndereco();\n_editAddress.default.clicarBtnSalvar();\n_editAddress.default.validandoEndereco();",
              "err": {},
              "uuid": "fa8e456a-5a00-47b7-9bbd-ab268594f2dc",
              "parentUUID": "a1e6977c-a5da-4ec9-8022-34eef37b38cb",
              "isHook": false,
              "skipped": false
            }
          ],
          "suites": [],
          "passes": [
            "009f26e0-783b-4db7-8270-a2474e1971b8",
            "3e1fcf58-5450-4c2e-b717-e748ae0ad7a2",
            "fa8e456a-5a00-47b7-9bbd-ab268594f2dc"
          ],
          "failures": [],
          "pending": [],
          "skipped": [],
          "duration": 23883,
          "root": false,
          "rootEmpty": false,
          "_timeout": 2000
        },
        {
          "uuid": "552eac36-209b-4872-9d7e-95564d939c39",
          "title": "Testes negativos na rota cadastro de endereço",
          "fullFile": "",
          "file": "",
          "beforeHooks": [],
          "afterHooks": [],
          "tests": [
            {
              "title": "Deve acessar a rota meus endereços sem preencher o formulário validar se o botão de salvar está desabilitado",
              "fullTitle": "Testes negativos na rota cadastro de endereço Deve acessar a rota meus endereços sem preencher o formulário validar se o botão de salvar está desabilitado",
              "timedOut": null,
              "duration": 7233,
              "state": "passed",
              "speed": "medium",
              "pass": true,
              "fail": false,
              "pending": false,
              "context": null,
              "code": "_editAddress.default.clicaBtnMeuEndereco();\n_editAddress.default.clicarBtnEditarEnd();\n_editAddress.default.validarSeBotaoEstaDesbilitado();",
              "err": {},
              "uuid": "0099dee3-103b-40e3-b64d-8d06215927d3",
              "parentUUID": "552eac36-209b-4872-9d7e-95564d939c39",
              "isHook": false,
              "skipped": false
            },
            {
              "title": "Deve acessar a rota meus endereços preencher parte do formulário e validar as mensagens de erro",
              "fullTitle": "Testes negativos na rota cadastro de endereço Deve acessar a rota meus endereços preencher parte do formulário e validar as mensagens de erro",
              "timedOut": null,
              "duration": 8920,
              "state": "passed",
              "speed": "medium",
              "pass": true,
              "fail": false,
              "pending": false,
              "context": null,
              "code": "_editAddress.default.clicaBtnMeuEndereco();\n_editAddress.default.clicarBtnEditarEnd();\n_editAddress.default.preencherEnderecoEComplemento();\n_editAddress.default.clicarBtnSalvar();\n_editAddress.default.validarMsgErro();",
              "err": {},
              "uuid": "e525ac13-ca69-4c79-bb44-e5d8fda6776a",
              "parentUUID": "552eac36-209b-4872-9d7e-95564d939c39",
              "isHook": false,
              "skipped": false
            }
          ],
          "suites": [],
          "passes": [
            "0099dee3-103b-40e3-b64d-8d06215927d3",
            "e525ac13-ca69-4c79-bb44-e5d8fda6776a"
          ],
          "failures": [],
          "pending": [],
          "skipped": [],
          "duration": 16153,
          "root": false,
          "rootEmpty": false,
          "_timeout": 2000
        }
      ],
      "passes": [],
      "failures": [],
      "pending": [],
      "skipped": [],
      "duration": 0,
      "root": true,
      "rootEmpty": true,
      "_timeout": 2000
    },
    {
      "uuid": "1f982975-92a0-486c-a934-8244f513eaf2",
      "title": "",
      "fullFile": "cypress/integration/login.spec.js",
      "file": "cypress/integration/login.spec.js",
      "beforeHooks": [],
      "afterHooks": [],
      "tests": [],
      "suites": [
        {
          "uuid": "3186dc99-ecdd-4807-8047-f2d4bcf143a9",
          "title": "Testes positivos na rota login",
          "fullFile": "",
          "file": "",
          "beforeHooks": [],
          "afterHooks": [],
          "tests": [
            {
              "title": "Deve acessar a  rota login e validar url",
              "fullTitle": "Testes positivos na rota login Deve acessar a  rota login e validar url",
              "timedOut": null,
              "duration": 3540,
              "state": "passed",
              "speed": "fast",
              "pass": true,
              "fail": false,
              "pending": false,
              "context": null,
              "code": "_login.default.validarUrl();",
              "err": {},
              "uuid": "8760cb4f-7131-4a9e-8e2e-1b13ac144ba7",
              "parentUUID": "3186dc99-ecdd-4807-8047-f2d4bcf143a9",
              "isHook": false,
              "skipped": false
            },
            {
              "title": "Deve validar componentes da rota login",
              "fullTitle": "Testes positivos na rota login Deve validar componentes da rota login",
              "timedOut": null,
              "duration": 1790,
              "state": "passed",
              "speed": "fast",
              "pass": true,
              "fail": false,
              "pending": false,
              "context": null,
              "code": "_login.default.validarMensagens('Já sou cadastrado');\n_login.default.validarMensagens('Informe seu e-mail ou CPF/CNPJ para se autenticar.');\n_login.default.validarSeBtnLoginExiste();",
              "err": {},
              "uuid": "4b647cbc-795e-4d84-b361-6daf3fd1204b",
              "parentUUID": "3186dc99-ecdd-4807-8047-f2d4bcf143a9",
              "isHook": false,
              "skipped": false
            },
            {
              "title": "Deve validar textos e componentes da janela preencher seu login",
              "fullTitle": "Testes positivos na rota login Deve validar textos e componentes da janela preencher seu login",
              "timedOut": null,
              "duration": 1948,
              "state": "passed",
              "speed": "fast",
              "pass": true,
              "fail": false,
              "pending": false,
              "context": null,
              "code": "_login.default.clicaBtnLogar();\n_login.default.validarMensagens('Identifique-se');\n_login.default.validarCompAbaLogin();",
              "err": {},
              "uuid": "5f2f3827-ef7b-4b7b-8d60-b6c05f92a96f",
              "parentUUID": "3186dc99-ecdd-4807-8047-f2d4bcf143a9",
              "isHook": false,
              "skipped": false
            },
            {
              "title": "Deve logar com usuário válido e validar os dados pessoais",
              "fullTitle": "Testes positivos na rota login Deve logar com usuário válido e validar os dados pessoais",
              "timedOut": null,
              "duration": 5921,
              "state": "passed",
              "speed": "medium",
              "pass": true,
              "fail": false,
              "pending": false,
              "context": null,
              "code": "_login.default.clicaBtnLogar();\n_login.default.logar();\n_login.default.validarDadosPessoais();",
              "err": {},
              "uuid": "e3b38c8b-a5ae-45ef-b1d5-0a4dcba5f081",
              "parentUUID": "3186dc99-ecdd-4807-8047-f2d4bcf143a9",
              "isHook": false,
              "skipped": false
            },
            {
              "title": "Deve logar com usuário válido e validar os componenetes da página minha conta",
              "fullTitle": "Testes positivos na rota login Deve logar com usuário válido e validar os componenetes da página minha conta",
              "timedOut": null,
              "duration": 6808,
              "state": "passed",
              "speed": "medium",
              "pass": true,
              "fail": false,
              "pending": false,
              "context": null,
              "code": "_login.default.clicaBtnLogar();\n_login.default.logar();\n_login.default.validarComponentes();",
              "err": {},
              "uuid": "473a4d3c-9b11-432d-846c-0409026165a6",
              "parentUUID": "3186dc99-ecdd-4807-8047-f2d4bcf143a9",
              "isHook": false,
              "skipped": false
            }
          ],
          "suites": [],
          "passes": [
            "8760cb4f-7131-4a9e-8e2e-1b13ac144ba7",
            "4b647cbc-795e-4d84-b361-6daf3fd1204b",
            "5f2f3827-ef7b-4b7b-8d60-b6c05f92a96f",
            "e3b38c8b-a5ae-45ef-b1d5-0a4dcba5f081",
            "473a4d3c-9b11-432d-846c-0409026165a6"
          ],
          "failures": [],
          "pending": [],
          "skipped": [],
          "duration": 20007,
          "root": false,
          "rootEmpty": false,
          "_timeout": 2000
        },
        {
          "uuid": "ea001626-5de0-44d7-85ec-1741ce34bed4",
          "title": "Testes negativos na rota login",
          "fullFile": "",
          "file": "",
          "beforeHooks": [],
          "afterHooks": [],
          "tests": [
            {
              "title": "Deve tentar logar com um cpf que não foi criado e validar a mensagem de erro",
              "fullTitle": "Testes negativos na rota login Deve tentar logar com um cpf que não foi criado e validar a mensagem de erro",
              "timedOut": null,
              "duration": 3672,
              "state": "passed",
              "speed": "fast",
              "pass": true,
              "fail": false,
              "pending": false,
              "context": null,
              "code": "_login.default.clicaBtnLogar();\n_login.default.logarInvalido();\n_login.default.validarMsgErroNoUser();",
              "err": {},
              "uuid": "a8dcd279-46cd-4ba9-b7b1-a7a65fd3936e",
              "parentUUID": "ea001626-5de0-44d7-85ec-1741ce34bed4",
              "isHook": false,
              "skipped": false
            },
            {
              "title": "Deve tentar logar com senha inválida e validar mensagem de erro",
              "fullTitle": "Testes negativos na rota login Deve tentar logar com senha inválida e validar mensagem de erro",
              "timedOut": null,
              "duration": 4048,
              "state": "passed",
              "speed": "fast",
              "pass": true,
              "fail": false,
              "pending": false,
              "context": null,
              "code": "_login.default.clicaBtnLogar();\n_login.default.logarSenhaInvalida();\n_login.default.validarMsgErroSenha();",
              "err": {},
              "uuid": "cafb7473-9b4b-4adf-935d-9dd94b818344",
              "parentUUID": "ea001626-5de0-44d7-85ec-1741ce34bed4",
              "isHook": false,
              "skipped": false
            },
            {
              "title": "Deve tentar logar colocando a senha no lugar do email e validar mensagem",
              "fullTitle": "Testes negativos na rota login Deve tentar logar colocando a senha no lugar do email e validar mensagem",
              "timedOut": null,
              "duration": 2944,
              "state": "passed",
              "speed": "fast",
              "pass": true,
              "fail": false,
              "pending": false,
              "context": null,
              "code": "_login.default.clicaBtnLogar();\n_login.default.logarSenhaNoEmail();",
              "err": {},
              "uuid": "479eafbe-7a04-47e9-ac4e-dd45bcaa5a38",
              "parentUUID": "ea001626-5de0-44d7-85ec-1741ce34bed4",
              "isHook": false,
              "skipped": false
            }
          ],
          "suites": [],
          "passes": [
            "a8dcd279-46cd-4ba9-b7b1-a7a65fd3936e",
            "cafb7473-9b4b-4adf-935d-9dd94b818344",
            "479eafbe-7a04-47e9-ac4e-dd45bcaa5a38"
          ],
          "failures": [],
          "pending": [],
          "skipped": [],
          "duration": 10664,
          "root": false,
          "rootEmpty": false,
          "_timeout": 2000
        }
      ],
      "passes": [],
      "failures": [],
      "pending": [],
      "skipped": [],
      "duration": 0,
      "root": true,
      "rootEmpty": true,
      "_timeout": 2000
    },
    {
      "uuid": "ed3b9ea0-4951-4a3c-9ad8-b0156c8201d3",
      "title": "",
      "fullFile": "cypress/integration/registerUser.spec.js",
      "file": "cypress/integration/registerUser.spec.js",
      "beforeHooks": [],
      "afterHooks": [],
      "tests": [],
      "suites": [
        {
          "uuid": "61101d59-8913-409d-83de-1263357748ed",
          "title": "Testes positivos na rota cadastrar usuário",
          "fullFile": "",
          "file": "",
          "beforeHooks": [],
          "afterHooks": [],
          "tests": [
            {
              "title": "Deve acessar a rota de cadastro e validar a Url",
              "fullTitle": "Testes positivos na rota cadastrar usuário Deve acessar a rota de cadastro e validar a Url",
              "timedOut": null,
              "duration": 3192,
              "state": "passed",
              "speed": "fast",
              "pass": true,
              "fail": false,
              "pending": false,
              "context": null,
              "code": "_registerUser.default.validarUrl('/cadastro');",
              "err": {},
              "uuid": "c89427a8-3a56-4d8d-9d46-9b397882e821",
              "parentUUID": "61101d59-8913-409d-83de-1263357748ed",
              "isHook": false,
              "skipped": false
            },
            {
              "title": "Deve validar se os componentes da rota registrar usuário estão visíveis",
              "fullTitle": "Testes positivos na rota cadastrar usuário Deve validar se os componentes da rota registrar usuário estão visíveis",
              "timedOut": null,
              "duration": 2024,
              "state": "passed",
              "speed": "fast",
              "pass": true,
              "fail": false,
              "pending": false,
              "context": null,
              "code": "_registerUser.default.validarComponentes();",
              "err": {},
              "uuid": "14160fdc-36a6-4aab-9aa7-94a0cf64d5ea",
              "parentUUID": "61101d59-8913-409d-83de-1263357748ed",
              "isHook": false,
              "skipped": false
            },
            {
              "title": "Deve cadastrar um usuário e validar mensagens de sucesso e url",
              "fullTitle": "Testes positivos na rota cadastrar usuário Deve cadastrar um usuário e validar mensagens de sucesso e url",
              "timedOut": null,
              "duration": 19552,
              "state": "passed",
              "speed": "slow",
              "pass": true,
              "fail": false,
              "pending": false,
              "context": null,
              "code": "_registerUser.default.cadastrarUsuarioValido();\n_registerUser.default.validarMsg();\n_registerUser.default.validarRedirecionamento();",
              "err": {},
              "uuid": "80b55a91-3068-4530-8f9f-df886e9c8d6e",
              "parentUUID": "61101d59-8913-409d-83de-1263357748ed",
              "isHook": false,
              "skipped": false
            }
          ],
          "suites": [],
          "passes": [
            "c89427a8-3a56-4d8d-9d46-9b397882e821",
            "14160fdc-36a6-4aab-9aa7-94a0cf64d5ea",
            "80b55a91-3068-4530-8f9f-df886e9c8d6e"
          ],
          "failures": [],
          "pending": [],
          "skipped": [],
          "duration": 24768,
          "root": false,
          "rootEmpty": false,
          "_timeout": 2000
        },
        {
          "uuid": "a338df92-6bc2-412b-9383-7c8b445c61a0",
          "title": "Testes negativos na rota cadastrar usuário",
          "fullFile": "",
          "file": "",
          "beforeHooks": [],
          "afterHooks": [],
          "tests": [
            {
              "title": "Deve tentar cadastrar um usuário sem preencher nome e validar mensagem de erro",
              "fullTitle": "Testes negativos na rota cadastrar usuário Deve tentar cadastrar um usuário sem preencher nome e validar mensagem de erro",
              "timedOut": null,
              "duration": 2561,
              "state": "passed",
              "speed": "fast",
              "pass": true,
              "fail": false,
              "pending": false,
              "context": null,
              "code": "_registerUser.default.clicarBtnAvancar();\n_registerUser.default.validarMsgErro(`Digite o seu nome completo, por favor.`);",
              "err": {},
              "uuid": "9da4bb33-10f3-45a2-9ec5-d024cfcf34bd",
              "parentUUID": "a338df92-6bc2-412b-9383-7c8b445c61a0",
              "isHook": false,
              "skipped": false
            },
            {
              "title": "Deve tentar cadastrar um usuário sem preencher cpf e validar mensagem de erro",
              "fullTitle": "Testes negativos na rota cadastrar usuário Deve tentar cadastrar um usuário sem preencher cpf e validar mensagem de erro",
              "timedOut": null,
              "duration": 2586,
              "state": "passed",
              "speed": "fast",
              "pass": true,
              "fail": false,
              "pending": false,
              "context": null,
              "code": "_registerUser.default.preencherDadosAleatorios();\n_registerUser.default.clicarBtnAvancar();\n_registerUser.default.validarMsgErro(`Para prosseguir com o cadastro, por favor, informe um CPF`);",
              "err": {},
              "uuid": "17b8d5d3-da84-4561-b0fc-3c280420a3d9",
              "parentUUID": "a338df92-6bc2-412b-9383-7c8b445c61a0",
              "isHook": false,
              "skipped": false
            }
          ],
          "suites": [],
          "passes": [
            "9da4bb33-10f3-45a2-9ec5-d024cfcf34bd",
            "17b8d5d3-da84-4561-b0fc-3c280420a3d9"
          ],
          "failures": [],
          "pending": [],
          "skipped": [],
          "duration": 5147,
          "root": false,
          "rootEmpty": false,
          "_timeout": 2000
        }
      ],
      "passes": [],
      "failures": [],
      "pending": [],
      "skipped": [],
      "duration": 0,
      "root": true,
      "rootEmpty": true,
      "_timeout": 2000
    }
  ],
  "meta": {
    "mocha": {
      "version": "7.0.1"
    },
    "mochawesome": {
      "options": {
        "quiet": false,
        "reportFilename": "mochawesome",
        "saveHtml": false,
        "saveJson": true,
        "consoleReporter": "spec",
        "useInlineDiffs": false,
        "code": true
      },
      "version": "7.0.1"
    },
    "marge": {
      "options": {
        "reportDir": "cypress/report/mochawesome-report",
        "overwrite": false,
        "html": false,
        "json": true,
        "timestamp": "yyyymmdd_HHMMss",
        "reportTitles": "Projeto Final",
        "cdn": true,
        "charts": true
      },
      "version": "6.0.1"
    }
  }
}