{
  "stats": {
    "suites": 2,
    "tests": 5,
    "passes": 5,
    "pending": 0,
    "failures": 0,
    "start": "2021-11-24T17:17:26.859Z",
    "end": "2021-11-24T17:19:21.588Z",
    "duration": 114729,
    "testsRegistered": 5,
    "passPercent": 100,
    "pendingPercent": 0,
    "other": 0,
    "hasOther": false,
    "skipped": 0,
    "hasSkipped": false
  },
  "results": [
    {
      "uuid": "2e0b6f84-3459-4158-80b2-1b7e84117ba1",
      "title": "",
      "fullFile": "cypress/integration/addToCart.spec.js",
      "file": "cypress/integration/addToCart.spec.js",
      "beforeHooks": [],
      "afterHooks": [],
      "tests": [],
      "suites": [
        {
          "uuid": "b3cc2c12-8900-4788-9f3a-06cdc3ff33dc",
          "title": "Testes positivos na rota adicionar produtos ao carrinho",
          "fullFile": "",
          "file": "",
          "beforeHooks": [],
          "afterHooks": [],
          "tests": [
            {
              "title": "Deve validar a url para estar na página home",
              "fullTitle": "Testes positivos na rota adicionar produtos ao carrinho Deve validar a url para estar na página home",
              "timedOut": null,
              "duration": 10642,
              "state": "passed",
              "speed": "slow",
              "pass": true,
              "fail": false,
              "pending": false,
              "context": null,
              "code": "_addToCart.default.clicarBtnLoja();\n_addToCart.default.validarUrl();",
              "err": {},
              "uuid": "d6d7fb5e-882f-4e3d-81c5-cf00d3328854",
              "parentUUID": "b3cc2c12-8900-4788-9f3a-06cdc3ff33dc",
              "isHook": false,
              "skipped": false
            },
            {
              "title": "Deve adicionar produtos ao carrinho no modal e validar a quantidade e a descrição do produto",
              "fullTitle": "Testes positivos na rota adicionar produtos ao carrinho Deve adicionar produtos ao carrinho no modal e validar a quantidade e a descrição do produto",
              "timedOut": null,
              "duration": 21372,
              "state": "passed",
              "speed": "slow",
              "pass": true,
              "fail": false,
              "pending": false,
              "context": null,
              "code": "_addToCart.default.clicarBtnLoja();\n_addToCart.default.clicarAdcProduto();\n_addToCart.default.validandoQtd();\n_addToCart.default.clicarBtnCarrinho();\n_addToCart.default.validandoSeOsComponentesEstaoVisiveis();",
              "err": {},
              "uuid": "e0a7372e-1f87-41ac-a78c-5802362bde1b",
              "parentUUID": "b3cc2c12-8900-4788-9f3a-06cdc3ff33dc",
              "isHook": false,
              "skipped": false
            },
            {
              "title": "Deve adicionar produtos ao carrinho pela página e validar",
              "fullTitle": "Testes positivos na rota adicionar produtos ao carrinho Deve adicionar produtos ao carrinho pela página e validar",
              "timedOut": null,
              "duration": 22471,
              "state": "passed",
              "speed": "slow",
              "pass": true,
              "fail": false,
              "pending": false,
              "context": null,
              "code": "_addToCart.default.clicarBtnLoja();\n_addToCart.default.clicarAdcProduto2();\n_addToCart.default.clicarBtnCarrinho();\n_addToCart.default.finalizarPedido();\n_addToCart.default.validarItemNoCarrinho();",
              "err": {},
              "uuid": "cc787e8c-3495-415e-9057-98bed99678f7",
              "parentUUID": "b3cc2c12-8900-4788-9f3a-06cdc3ff33dc",
              "isHook": false,
              "skipped": false
            }
          ],
          "suites": [],
          "passes": [
            "d6d7fb5e-882f-4e3d-81c5-cf00d3328854",
            "e0a7372e-1f87-41ac-a78c-5802362bde1b",
            "cc787e8c-3495-415e-9057-98bed99678f7"
          ],
          "failures": [],
          "pending": [],
          "skipped": [],
          "duration": 54485,
          "root": false,
          "rootEmpty": false,
          "_timeout": 2000
        },
        {
          "uuid": "65542f21-fa7b-40a8-8c75-f16b4f447cdc",
          "title": "Testes negativos na rota adicionar produtos ao carrinho",
          "fullFile": "",
          "file": "",
          "beforeHooks": [],
          "afterHooks": [],
          "tests": [
            {
              "title": "Deve adicionar produtos ao carrinho e logo após remover pelo modal validando se a quantidade e valor no carrinho estão nulos",
              "fullTitle": "Testes negativos na rota adicionar produtos ao carrinho Deve adicionar produtos ao carrinho e logo após remover pelo modal validando se a quantidade e valor no carrinho estão nulos",
              "timedOut": null,
              "duration": 35566,
              "state": "passed",
              "speed": "slow",
              "pass": true,
              "fail": false,
              "pending": false,
              "context": null,
              "code": "_addToCart.default.clicarBtnLoja();\n_addToCart.default.clicarAdcProdutoTesteNeg();\n_addToCart.default.clicarBtnCarrinho();\n_addToCart.default.clicarBtnLimparCarrinho();\n_addToCart.default.clicarBtnFecharCarrinho();\n_addToCart.default.validarQuantidadeEPreco();",
              "err": {},
              "uuid": "cdaabb46-cb35-4480-9845-5b28bf7c5dc8",
              "parentUUID": "65542f21-fa7b-40a8-8c75-f16b4f447cdc",
              "isHook": false,
              "skipped": false
            },
            {
              "title": "Deve adicionar produtos ao carrinho e logo após remover pela página validando a mensagem de carrinho vazio e url",
              "fullTitle": "Testes negativos na rota adicionar produtos ao carrinho Deve adicionar produtos ao carrinho e logo após remover pela página validando a mensagem de carrinho vazio e url",
              "timedOut": null,
              "duration": 21684,
              "state": "passed",
              "speed": "slow",
              "pass": true,
              "fail": false,
              "pending": false,
              "context": null,
              "code": "_addToCart.default.clicarBtnLoja();\n_addToCart.default.clicarAdcProduto();\n_addToCart.default.clicarBtnCarrinho();\n_addToCart.default.finalizarPedido();\n_addToCart.default.removerProdutoCarrinho();\n_addToCart.default.validarMegCarrinhoVazio();\n_addToCart.default.validarUrlCarrinhoVazio();",
              "err": {},
              "uuid": "111c5abb-4cea-4f85-8a10-1ea37a6e69ff",
              "parentUUID": "65542f21-fa7b-40a8-8c75-f16b4f447cdc",
              "isHook": false,
              "skipped": false
            }
          ],
          "suites": [],
          "passes": [
            "cdaabb46-cb35-4480-9845-5b28bf7c5dc8",
            "111c5abb-4cea-4f85-8a10-1ea37a6e69ff"
          ],
          "failures": [],
          "pending": [],
          "skipped": [],
          "duration": 57250,
          "root": false,
          "rootEmpty": false,
          "_timeout": 2000
        }
      ],
      "passes": [],
      "failures": [],
      "pending": [],
      "skipped": [],
      "duration": 0,
      "root": true,
      "rootEmpty": true,
      "_timeout": 2000
    }
  ],
  "meta": {
    "mocha": {
      "version": "7.0.1"
    },
    "mochawesome": {
      "options": {
        "quiet": false,
        "reportFilename": "mochawesome",
        "saveHtml": false,
        "saveJson": true,
        "consoleReporter": "spec",
        "useInlineDiffs": false,
        "code": true
      },
      "version": "7.0.1"
    },
    "marge": {
      "options": {
        "reportDir": "cypress/report/mochawesome-report",
        "overwrite": false,
        "html": false,
        "json": true,
        "timestamp": "yyyymmdd_HHMMss",
        "reportTitles": "Projeto Final",
        "cdn": true,
        "charts": true
      },
      "version": "6.0.1"
    }
  }
}