{
  "stats": {
    "suites": 2,
    "tests": 5,
    "passes": 5,
    "pending": 0,
    "failures": 0,
    "start": "2021-11-24T17:22:08.192Z",
    "end": "2021-11-24T17:22:41.431Z",
    "duration": 33239,
    "testsRegistered": 5,
    "passPercent": 100,
    "pendingPercent": 0,
    "other": 0,
    "hasOther": false,
    "skipped": 0,
    "hasSkipped": false
  },
  "results": [
    {
      "uuid": "ed3b9ea0-4951-4a3c-9ad8-b0156c8201d3",
      "title": "",
      "fullFile": "cypress/integration/registerUser.spec.js",
      "file": "cypress/integration/registerUser.spec.js",
      "beforeHooks": [],
      "afterHooks": [],
      "tests": [],
      "suites": [
        {
          "uuid": "61101d59-8913-409d-83de-1263357748ed",
          "title": "Testes positivos na rota cadastrar usuário",
          "fullFile": "",
          "file": "",
          "beforeHooks": [],
          "afterHooks": [],
          "tests": [
            {
              "title": "Deve acessar a rota de cadastro e validar a Url",
              "fullTitle": "Testes positivos na rota cadastrar usuário Deve acessar a rota de cadastro e validar a Url",
              "timedOut": null,
              "duration": 3192,
              "state": "passed",
              "speed": "fast",
              "pass": true,
              "fail": false,
              "pending": false,
              "context": null,
              "code": "_registerUser.default.validarUrl('/cadastro');",
              "err": {},
              "uuid": "c89427a8-3a56-4d8d-9d46-9b397882e821",
              "parentUUID": "61101d59-8913-409d-83de-1263357748ed",
              "isHook": false,
              "skipped": false
            },
            {
              "title": "Deve validar se os componentes da rota registrar usuário estão visíveis",
              "fullTitle": "Testes positivos na rota cadastrar usuário Deve validar se os componentes da rota registrar usuário estão visíveis",
              "timedOut": null,
              "duration": 2024,
              "state": "passed",
              "speed": "fast",
              "pass": true,
              "fail": false,
              "pending": false,
              "context": null,
              "code": "_registerUser.default.validarComponentes();",
              "err": {},
              "uuid": "14160fdc-36a6-4aab-9aa7-94a0cf64d5ea",
              "parentUUID": "61101d59-8913-409d-83de-1263357748ed",
              "isHook": false,
              "skipped": false
            },
            {
              "title": "Deve cadastrar um usuário e validar mensagens de sucesso e url",
              "fullTitle": "Testes positivos na rota cadastrar usuário Deve cadastrar um usuário e validar mensagens de sucesso e url",
              "timedOut": null,
              "duration": 19552,
              "state": "passed",
              "speed": "slow",
              "pass": true,
              "fail": false,
              "pending": false,
              "context": null,
              "code": "_registerUser.default.cadastrarUsuarioValido();\n_registerUser.default.validarMsg();\n_registerUser.default.validarRedirecionamento();",
              "err": {},
              "uuid": "80b55a91-3068-4530-8f9f-df886e9c8d6e",
              "parentUUID": "61101d59-8913-409d-83de-1263357748ed",
              "isHook": false,
              "skipped": false
            }
          ],
          "suites": [],
          "passes": [
            "c89427a8-3a56-4d8d-9d46-9b397882e821",
            "14160fdc-36a6-4aab-9aa7-94a0cf64d5ea",
            "80b55a91-3068-4530-8f9f-df886e9c8d6e"
          ],
          "failures": [],
          "pending": [],
          "skipped": [],
          "duration": 24768,
          "root": false,
          "rootEmpty": false,
          "_timeout": 2000
        },
        {
          "uuid": "a338df92-6bc2-412b-9383-7c8b445c61a0",
          "title": "Testes negativos na rota cadastrar usuário",
          "fullFile": "",
          "file": "",
          "beforeHooks": [],
          "afterHooks": [],
          "tests": [
            {
              "title": "Deve tentar cadastrar um usuário sem preencher nome e validar mensagem de erro",
              "fullTitle": "Testes negativos na rota cadastrar usuário Deve tentar cadastrar um usuário sem preencher nome e validar mensagem de erro",
              "timedOut": null,
              "duration": 2561,
              "state": "passed",
              "speed": "fast",
              "pass": true,
              "fail": false,
              "pending": false,
              "context": null,
              "code": "_registerUser.default.clicarBtnAvancar();\n_registerUser.default.validarMsgErro(`Digite o seu nome completo, por favor.`);",
              "err": {},
              "uuid": "9da4bb33-10f3-45a2-9ec5-d024cfcf34bd",
              "parentUUID": "a338df92-6bc2-412b-9383-7c8b445c61a0",
              "isHook": false,
              "skipped": false
            },
            {
              "title": "Deve tentar cadastrar um usuário sem preencher cpf e validar mensagem de erro",
              "fullTitle": "Testes negativos na rota cadastrar usuário Deve tentar cadastrar um usuário sem preencher cpf e validar mensagem de erro",
              "timedOut": null,
              "duration": 2586,
              "state": "passed",
              "speed": "fast",
              "pass": true,
              "fail": false,
              "pending": false,
              "context": null,
              "code": "_registerUser.default.preencherDadosAleatorios();\n_registerUser.default.clicarBtnAvancar();\n_registerUser.default.validarMsgErro(`Para prosseguir com o cadastro, por favor, informe um CPF`);",
              "err": {},
              "uuid": "17b8d5d3-da84-4561-b0fc-3c280420a3d9",
              "parentUUID": "a338df92-6bc2-412b-9383-7c8b445c61a0",
              "isHook": false,
              "skipped": false
            }
          ],
          "suites": [],
          "passes": [
            "9da4bb33-10f3-45a2-9ec5-d024cfcf34bd",
            "17b8d5d3-da84-4561-b0fc-3c280420a3d9"
          ],
          "failures": [],
          "pending": [],
          "skipped": [],
          "duration": 5147,
          "root": false,
          "rootEmpty": false,
          "_timeout": 2000
        }
      ],
      "passes": [],
      "failures": [],
      "pending": [],
      "skipped": [],
      "duration": 0,
      "root": true,
      "rootEmpty": true,
      "_timeout": 2000
    }
  ],
  "meta": {
    "mocha": {
      "version": "7.0.1"
    },
    "mochawesome": {
      "options": {
        "quiet": false,
        "reportFilename": "mochawesome",
        "saveHtml": false,
        "saveJson": true,
        "consoleReporter": "spec",
        "useInlineDiffs": false,
        "code": true
      },
      "version": "7.0.1"
    },
    "marge": {
      "options": {
        "reportDir": "cypress/report/mochawesome-report",
        "overwrite": false,
        "html": false,
        "json": true,
        "timestamp": "yyyymmdd_HHMMss",
        "reportTitles": "Projeto Final",
        "cdn": true,
        "charts": true
      },
      "version": "6.0.1"
    }
  }
}